<?xml version="1.0" encoding="UTF-8"?>
<robot generator="Robot 6.0.2 (Python 3.11.1 on darwin)" generated="20230717 14:54:26.692" rpa="false" schemaversion="3">
<suite id="s1" name="Register" source="/Users/uk/Documents/GitHub/RobotFramework/MoodleAutomationm/register.robot">
<test id="s1-t1" name="Valid Login" line="10">
<kw name="Login to page">
<arg>udka5271</arg>
<arg>Lucifer@1234</arg>
<kw name="Open Browser" library="SeleniumLibrary">
<arg>${LOGIN URL}</arg>
<arg>${BROWSER}</arg>
<doc>Opens a new browser instance to the optional ``url``.</doc>
<msg timestamp="20230717 14:54:26.787" level="INFO">Opening browser 'Chrome' to base url 'https://moodle2.tu-ilmenau.de/course/view.php?id=4780'.</msg>
<msg timestamp="20230717 14:54:59.108" level="INFO">Cannot capture screenshot because no browser is open.</msg>
<msg timestamp="20230717 14:54:59.116" level="FAIL">WebDriverException: Message: Service chromedriver unexpectedly exited. Status code was: -9
</msg>
<status status="FAIL" starttime="20230717 14:54:26.786" endtime="20230717 14:54:59.129"/>
</kw>
<kw name="Input Text" library="SeleniumLibrary">
<arg>id:username</arg>
<arg>${username}</arg>
<doc>Types the given ``text`` into the text field identified by ``locator``.</doc>
<status status="NOT RUN" starttime="20230717 14:54:59.129" endtime="20230717 14:54:59.130"/>
</kw>
<kw name="Set Variable" library="BuiltIn">
<var>${password}</var>
<arg>${password}\n</arg>
<doc>Returns the given values which can then be assigned to a variables.</doc>
<status status="NOT RUN" starttime="20230717 14:54:59.130" endtime="20230717 14:54:59.131"/>
</kw>
<kw name="Log" library="BuiltIn">
<arg>${password}</arg>
<doc>Logs the given message with the given level.</doc>
<status status="NOT RUN" starttime="20230717 14:54:59.131" endtime="20230717 14:54:59.131"/>
</kw>
<kw name="Input Text" library="SeleniumLibrary">
<arg>id:password</arg>
<arg>${password}</arg>
<doc>Types the given ``text`` into the text field identified by ``locator``.</doc>
<status status="NOT RUN" starttime="20230717 14:54:59.131" endtime="20230717 14:54:59.131"/>
</kw>
<status status="FAIL" starttime="20230717 14:54:26.786" endtime="20230717 14:54:59.131"/>
</kw>
<kw name="Close Browser" library="SeleniumLibrary" type="TEARDOWN">
<doc>Closes the current browser.</doc>
<status status="PASS" starttime="20230717 14:54:59.132" endtime="20230717 14:54:59.132"/>
</kw>
<status status="FAIL" starttime="20230717 14:54:26.785" endtime="20230717 14:54:59.133">WebDriverException: Message: Service chromedriver unexpectedly exited. Status code was: -9
</status>
</test>
<doc>Register for a course on moodle with an enrollment key</doc>
<status status="FAIL" starttime="20230717 14:54:26.695" endtime="20230717 14:54:59.135"/>
</suite>
<statistics>
<total>
<stat pass="0" fail="1" skip="0">All Tests</stat>
</total>
<tag>
</tag>
<suite>
<stat pass="0" fail="1" skip="0" id="s1" name="Register">Register</stat>
</suite>
</statistics>
<errors>
</errors>
</robot>
